2022-10-28 18:11:29,443 [INFO] Activator:176 - 


2022-10-28 18:11:29,446 [INFO] Activator:177 - !SESSION log4j initialized
2022-10-28 18:11:40,312 [INFO] ApplicationProperties:181 - Using Application install path: C:\ST\STM32CubeIDE_1.3.0\STM32CubeIDE\plugins\com.st.stm32cube.common.mx_5.6.0.202002181639
2022-10-28 18:11:40,352 [INFO] DbMcusXml:72 - Set database path to: C:\ST\STM32CubeIDE_1.3.0\STM32CubeIDE\plugins\com.st.stm32cube.common.mx_5.6.0.202002181639\\db\/mcu/
2022-10-28 18:11:40,362 [INFO] DbBoardsPdsc:54 - Set plugin database path to: C:\ST\STM32CubeIDE_1.3.0\STM32CubeIDE\plugins\com.st.stm32cube.common.mx_5.6.0.202002181639\\db\/plugins/boardmanager/
2022-10-28 18:11:40,362 [INFO] DbMcus:235 - Set plugin images path to: C:\ST\STM32CubeIDE_1.3.0\STM32CubeIDE\plugins\com.st.stm32cube.common.mx_5.6.0.202002181639\\db\/plugins/mcufinder/images/
2022-10-28 18:11:40,362 [INFO] DbBoards:232 - Set plugin images path to: C:\ST\STM32CubeIDE_1.3.0\STM32CubeIDE\plugins\com.st.stm32cube.common.mx_5.6.0.202002181639\\db\/plugins/mcufinder/images/
2022-10-28 18:11:40,402 [INFO] DbMcusAds:85 - Set database path to: C:\Users\Lazar\.stmcufinder\plugins\mcufinder//mcu/
2022-10-28 18:11:40,410 [INFO] DbMcusDocs:108 - Set database path to: C:\Users\Lazar\.stmcufinder\plugins\mcufinder//mcu/
2022-10-28 18:11:40,412 [INFO] DbMcusJson:61 - Set database path to: C:\Users\Lazar\.stmcufinder\plugins\mcufinder//mcu/
2022-10-28 18:11:40,412 [INFO] DbBoardsDocs:97 - Set database path to: C:\Users\Lazar\.stmcufinder\plugins\mcufinder//mcu/
2022-10-28 18:11:40,420 [INFO] DbBoardsJson:51 - Set database path to: C:\Users\Lazar\.stmcufinder\plugins\mcufinder//mcu/
2022-10-28 18:11:40,473 [INFO] CrossReferenceDbSqlite:197 - Set database path to: C:\Users\Lazar\.stmcufinder\plugins\mcufinder//mcu/cs/
2022-10-28 18:11:40,725 [INFO] RulesReader:52 - Compatibility file has been processed (208 Rules)
2022-10-28 18:11:41,028 [INFO] MicroXplorer:570 - Detected Java Version = 1.8.0_242
2022-10-28 18:11:41,028 [INFO] DbMcusXml:72 - Set database path to: C:\ST\STM32CubeIDE_1.3.0\STM32CubeIDE\plugins\com.st.stm32cube.common.mx_5.6.0.202002181639\\db\/mcu/
2022-10-28 18:11:41,028 [INFO] DbBoardsPdsc:54 - Set plugin database path to: C:\ST\STM32CubeIDE_1.3.0\STM32CubeIDE\plugins\com.st.stm32cube.common.mx_5.6.0.202002181639\\db\/plugins/boardmanager/
2022-10-28 18:11:41,028 [INFO] DbMcus:235 - Set plugin images path to: C:\ST\STM32CubeIDE_1.3.0\STM32CubeIDE\plugins\com.st.stm32cube.common.mx_5.6.0.202002181639\\db\/plugins/mcufinder/images/
2022-10-28 18:11:41,028 [INFO] DbBoards:232 - Set plugin images path to: C:\ST\STM32CubeIDE_1.3.0\STM32CubeIDE\plugins\com.st.stm32cube.common.mx_5.6.0.202002181639\\db\/plugins/mcufinder/images/
2022-10-28 18:11:41,028 [WARN] DbFile:36 - Overriding database path with different value: C:\Users\Lazar\.stmcufinder\plugins\mcufinder/ => C:\Users\Lazar\.stmcufinder\plugins\mcufinder
2022-10-28 18:11:41,028 [INFO] DbMcusAds:85 - Set database path to: C:\Users\Lazar\.stmcufinder\plugins\mcufinder//mcu/
2022-10-28 18:11:41,028 [WARN] DbFile:36 - Overriding database path with different value: C:\Users\Lazar\.stmcufinder\plugins\mcufinder/ => C:\Users\Lazar\.stmcufinder\plugins\mcufinder
2022-10-28 18:11:41,028 [INFO] DbMcusDocs:108 - Set database path to: C:\Users\Lazar\.stmcufinder\plugins\mcufinder//mcu/
2022-10-28 18:11:41,028 [WARN] DbFile:36 - Overriding database path with different value: C:\Users\Lazar\.stmcufinder\plugins\mcufinder/ => C:\Users\Lazar\.stmcufinder\plugins\mcufinder
2022-10-28 18:11:41,028 [INFO] DbMcusJson:61 - Set database path to: C:\Users\Lazar\.stmcufinder\plugins\mcufinder//mcu/
2022-10-28 18:11:41,036 [WARN] DbFile:36 - Overriding database path with different value: C:\Users\Lazar\.stmcufinder\plugins\mcufinder/ => C:\Users\Lazar\.stmcufinder\plugins\mcufinder
2022-10-28 18:11:41,036 [INFO] DbBoardsDocs:97 - Set database path to: C:\Users\Lazar\.stmcufinder\plugins\mcufinder//mcu/
2022-10-28 18:11:41,036 [WARN] DbFile:36 - Overriding database path with different value: C:\Users\Lazar\.stmcufinder\plugins\mcufinder/ => C:\Users\Lazar\.stmcufinder\plugins\mcufinder
2022-10-28 18:11:41,038 [INFO] DbBoardsJson:51 - Set database path to: C:\Users\Lazar\.stmcufinder\plugins\mcufinder//mcu/
2022-10-28 18:11:41,038 [WARN] DbFile:36 - Overriding database path with different value: C:\Users\Lazar\.stmcufinder\plugins\mcufinder/ => C:\Users\Lazar\.stmcufinder\plugins\mcufinder
2022-10-28 18:11:41,038 [WARN] DbFile:36 - Overriding database path with different value: C:\Users\Lazar\.stmcufinder\plugins\mcufinder/ => C:\Users\Lazar\.stmcufinder\plugins\mcufinder
2022-10-28 18:11:41,038 [INFO] CrossReferenceDbSqlite:197 - Set database path to: C:\Users\Lazar\.stmcufinder\plugins\mcufinder//mcu/cs/
2022-10-28 18:11:41,210 [INFO] MainPanel:181 - HeapMemory: 268435456
2022-10-28 18:11:41,450 [INFO] DbMcusXml:72 - Set database path to: C:\ST\STM32CubeIDE_1.3.0\STM32CubeIDE\plugins\com.st.stm32cube.common.mx_5.6.0.202002181639\\db\/mcu/
2022-10-28 18:11:41,450 [INFO] DbBoardsPdsc:54 - Set plugin database path to: C:\ST\STM32CubeIDE_1.3.0\STM32CubeIDE\plugins\com.st.stm32cube.common.mx_5.6.0.202002181639\\db\/plugins/boardmanager/
2022-10-28 18:11:41,450 [INFO] DbMcus:235 - Set plugin images path to: C:\ST\STM32CubeIDE_1.3.0\STM32CubeIDE\plugins\com.st.stm32cube.common.mx_5.6.0.202002181639\\db\/plugins/mcufinder/images/
2022-10-28 18:11:41,450 [INFO] DbBoards:232 - Set plugin images path to: C:\ST\STM32CubeIDE_1.3.0\STM32CubeIDE\plugins\com.st.stm32cube.common.mx_5.6.0.202002181639\\db\/plugins/mcufinder/images/
2022-10-28 18:11:41,450 [WARN] DbFile:36 - Overriding database path with different value: C:\Users\Lazar\.stmcufinder\plugins\mcufinder/ => C:\Users\Lazar\.stmcufinder\plugins\mcufinder
2022-10-28 18:11:41,450 [INFO] DbMcusAds:85 - Set database path to: C:\Users\Lazar\.stmcufinder\plugins\mcufinder//mcu/
2022-10-28 18:11:41,450 [WARN] DbFile:36 - Overriding database path with different value: C:\Users\Lazar\.stmcufinder\plugins\mcufinder/ => C:\Users\Lazar\.stmcufinder\plugins\mcufinder
2022-10-28 18:11:41,450 [INFO] DbMcusDocs:108 - Set database path to: C:\Users\Lazar\.stmcufinder\plugins\mcufinder//mcu/
2022-10-28 18:11:41,450 [WARN] DbFile:36 - Overriding database path with different value: C:\Users\Lazar\.stmcufinder\plugins\mcufinder/ => C:\Users\Lazar\.stmcufinder\plugins\mcufinder
2022-10-28 18:11:41,450 [INFO] DbMcusJson:61 - Set database path to: C:\Users\Lazar\.stmcufinder\plugins\mcufinder//mcu/
2022-10-28 18:11:41,450 [WARN] DbFile:36 - Overriding database path with different value: C:\Users\Lazar\.stmcufinder\plugins\mcufinder/ => C:\Users\Lazar\.stmcufinder\plugins\mcufinder
2022-10-28 18:11:41,450 [INFO] DbBoardsDocs:97 - Set database path to: C:\Users\Lazar\.stmcufinder\plugins\mcufinder//mcu/
2022-10-28 18:11:41,450 [WARN] DbFile:36 - Overriding database path with different value: C:\Users\Lazar\.stmcufinder\plugins\mcufinder/ => C:\Users\Lazar\.stmcufinder\plugins\mcufinder
2022-10-28 18:11:41,450 [INFO] DbBoardsJson:51 - Set database path to: C:\Users\Lazar\.stmcufinder\plugins\mcufinder//mcu/
2022-10-28 18:11:41,450 [WARN] DbFile:36 - Overriding database path with different value: C:\Users\Lazar\.stmcufinder\plugins\mcufinder/ => C:\Users\Lazar\.stmcufinder\plugins\mcufinder
2022-10-28 18:11:41,450 [WARN] DbFile:36 - Overriding database path with different value: C:\Users\Lazar\.stmcufinder\plugins\mcufinder/ => C:\Users\Lazar\.stmcufinder\plugins\mcufinder
2022-10-28 18:11:41,450 [INFO] CrossReferenceDbSqlite:197 - Set database path to: C:\Users\Lazar\.stmcufinder\plugins\mcufinder//mcu/cs/
2022-10-28 18:11:41,497 [INFO] ApplicationProperties:181 - Using Application install path: C:\ST\STM32CubeIDE_1.3.0\STM32CubeIDE\plugins\com.st.stm32cube.common.mx_5.6.0.202002181639
2022-10-28 18:11:41,497 [INFO] PluginManage:178 - Search for loadable plugins [exclusion list=, tutovideos]
2022-10-28 18:11:41,513 [INFO] PluginManage:292 - Check plugin analytics
2022-10-28 18:11:41,535 [INFO] PluginManage:342 - Loaded plugin analytics (category:tool,tabindex:-1)
2022-10-28 18:11:41,535 [INFO] PluginManage:292 - Check plugin clock
2022-10-28 18:11:41,566 [INFO] PluginManage:342 - Loaded plugin clock (category:base,tabindex:2)
2022-10-28 18:11:41,566 [INFO] PluginManage:292 - Check plugin ddr
2022-10-28 18:11:41,582 [INFO] PluginManage:342 - Loaded plugin ddr (category:tool,tabindex:6)
2022-10-28 18:11:41,582 [INFO] PluginManage:292 - Check plugin filemanager
2022-10-28 18:11:41,798 [INFO] PluginManage:342 - Loaded plugin filemanager (category:base,tabindex:10)
2022-10-28 18:11:41,798 [INFO] PluginManage:292 - Check plugin ipmanager
2022-10-28 18:11:41,820 [INFO] PluginManage:342 - Loaded plugin ipmanager (category:base,tabindex:5)
2022-10-28 18:11:41,836 [INFO] PluginManage:292 - Check plugin pinoutandconfiguration
2022-10-28 18:11:41,898 [INFO] PluginManage:342 - Loaded plugin pinoutandconfiguration (category:base,tabindex:1)
2022-10-28 18:11:41,898 [INFO] PluginManage:292 - Check plugin pinoutconfig
2022-10-28 18:11:41,993 [INFO] PluginManage:342 - Loaded plugin pinoutconfig (category:base,tabindex:0)
2022-10-28 18:11:42,001 [INFO] PluginManage:292 - Check plugin power
2022-10-28 18:11:42,074 [INFO] PluginManage:342 - Loaded plugin power (category:power,tabindex:4)
2022-10-28 18:11:42,074 [INFO] PluginManage:292 - Check plugin projectmanager
2022-10-28 18:11:42,195 [INFO] PluginManage:342 - Loaded plugin projectmanager (category:projectmanager,tabindex:3)
2022-10-28 18:11:42,195 [INFO] PluginManage:292 - Check plugin thirdparty
2022-10-28 18:11:42,357 [INFO] ThirdPartyDb:295 - Open Third Party DataBase File (C:/Users/Lazar/.stm32cubemx/plugins/thirdparty/db/thirdparties_db.xml) : 13 ms. number of Sw pack : 1
2022-10-28 18:11:42,417 [INFO] PluginManage:342 - Loaded plugin thirdparty (category:base,tabindex:-1)
2022-10-28 18:11:42,417 [INFO] PluginManage:292 - Check plugin tools
2022-10-28 18:11:42,498 [INFO] PluginManage:342 - Loaded plugin tools (category:base,tabindex:7)
2022-10-28 18:11:42,498 [INFO] PluginManage:292 - Check plugin tutovideos
2022-10-28 18:11:42,629 [INFO] PluginManage:347 - Ignore plugin tutovideos (category:base)
2022-10-28 18:11:42,629 [INFO] PluginManage:292 - Check plugin updater
2022-10-28 18:11:42,647 [INFO] PluginManage:342 - Loaded plugin updater (category:base,tabindex:12)
2022-10-28 18:11:42,647 [INFO] PluginManage:265 - PluginManage : Loaded plugins [12]
2022-10-28 18:11:43,071 [INFO] PinOutPanel:1420 - setPackage(No Configuration,No Configuration)
2022-10-28 18:11:43,293 [INFO] IPUIPlugin:65 - create IPUIPlugin
2022-10-28 18:11:43,293 [INFO] PluginManager:200 - loadIPPluginJar : add adc
2022-10-28 18:11:43,394 [INFO] IPUIPlugin:65 - create IPUIPlugin
2022-10-28 18:11:43,402 [INFO] PluginManager:200 - loadIPPluginJar : add aes
2022-10-28 18:11:43,454 [INFO] IPUIPlugin:65 - create IPUIPlugin
2022-10-28 18:11:43,454 [INFO] PluginManager:200 - loadIPPluginJar : add can
2022-10-28 18:11:43,484 [INFO] IPUIPlugin:65 - create IPUIPlugin
2022-10-28 18:11:43,484 [INFO] PluginManager:200 - loadIPPluginJar : add comp
2022-10-28 18:11:43,525 [INFO] IPUIPlugin:65 - create IPUIPlugin
2022-10-28 18:11:43,525 [INFO] PluginManager:200 - loadIPPluginJar : add cryp
2022-10-28 18:11:43,563 [INFO] IPUIPlugin:65 - create IPUIPlugin
2022-10-28 18:11:43,563 [INFO] PluginManager:200 - loadIPPluginJar : add dfsdm
2022-10-28 18:11:43,589 [INFO] IPUIPlugin:65 - create IPUIPlugin
2022-10-28 18:11:43,604 [INFO] PluginManager:200 - loadIPPluginJar : add dma
2022-10-28 18:11:43,651 [INFO] IPUIPlugin:65 - create IPUIPlugin
2022-10-28 18:11:43,651 [INFO] PluginManager:200 - loadIPPluginJar : add fatfs
2022-10-28 18:11:43,917 [INFO] IPUIPlugin:65 - create IPUIPlugin
2022-10-28 18:11:43,917 [INFO] PluginManager:200 - loadIPPluginJar : add fmc
2022-10-28 18:11:43,968 [INFO] IPUIPlugin:65 - create IPUIPlugin
2022-10-28 18:11:43,976 [INFO] PluginManager:200 - loadIPPluginJar : add freertos
2022-10-28 18:11:44,026 [INFO] IPUIPlugin:65 - create IPUIPlugin
2022-10-28 18:11:44,026 [INFO] PluginManager:200 - loadIPPluginJar : add genericplugin
2022-10-28 18:11:44,209 [INFO] IPUIPlugin:65 - create IPUIPlugin
2022-10-28 18:11:44,209 [INFO] PluginManager:200 - loadIPPluginJar : add gfxmmu
2022-10-28 18:11:44,431 [INFO] IPUIPlugin:65 - create IPUIPlugin
2022-10-28 18:11:44,431 [INFO] PluginManager:200 - loadIPPluginJar : add gic
2022-10-28 18:11:44,469 [INFO] IPUIPlugin:65 - create IPUIPlugin
2022-10-28 18:11:44,471 [INFO] PluginManager:200 - loadIPPluginJar : add gpio
2022-10-28 18:11:44,683 [INFO] IPUIPlugin:65 - create IPUIPlugin
2022-10-28 18:11:44,683 [INFO] PluginManager:200 - loadIPPluginJar : add gtzc
2022-10-28 18:11:44,713 [INFO] IPUIPlugin:65 - create IPUIPlugin
2022-10-28 18:11:44,713 [INFO] PluginManager:200 - loadIPPluginJar : add hash
2022-10-28 18:11:44,822 [INFO] IPUIPlugin:65 - create IPUIPlugin
2022-10-28 18:11:44,822 [INFO] PluginManager:200 - loadIPPluginJar : add i2c
2022-10-28 18:11:44,864 [INFO] IPUIPlugin:65 - create IPUIPlugin
2022-10-28 18:11:44,864 [INFO] PluginManager:200 - loadIPPluginJar : add i2s
2022-10-28 18:11:45,048 [INFO] IPUIPlugin:65 - create IPUIPlugin
2022-10-28 18:11:45,048 [INFO] PluginManager:200 - loadIPPluginJar : add ipddr
2022-10-28 18:11:45,126 [INFO] IPUIPlugin:65 - create IPUIPlugin
2022-10-28 18:11:45,126 [INFO] PluginManager:200 - loadIPPluginJar : add ltdc
2022-10-28 18:11:45,149 [INFO] IPUIPlugin:65 - create IPUIPlugin
2022-10-28 18:11:45,149 [INFO] PluginManager:200 - loadIPPluginJar : add mdma
2022-10-28 18:11:45,180 [INFO] IPUIPlugin:65 - create IPUIPlugin
2022-10-28 18:11:45,180 [INFO] PluginManager:200 - loadIPPluginJar : add nvic
2022-10-28 18:11:45,233 [INFO] IPUIPlugin:65 - create IPUIPlugin
2022-10-28 18:11:45,233 [INFO] PluginManager:200 - loadIPPluginJar : add opamp
2022-10-28 18:11:45,296 [INFO] IPUIPlugin:65 - create IPUIPlugin
2022-10-28 18:11:45,296 [INFO] PluginManager:200 - loadIPPluginJar : add pdm2pcm
2022-10-28 18:11:45,334 [INFO] IPUIPlugin:65 - create IPUIPlugin
2022-10-28 18:11:45,349 [INFO] PluginManager:200 - loadIPPluginJar : add plateformsettings
2022-10-28 18:11:45,380 [INFO] IPUIPlugin:65 - create IPUIPlugin
2022-10-28 18:11:45,380 [INFO] PluginManager:200 - loadIPPluginJar : add quadspi
2022-10-28 18:11:45,396 [INFO] IPUIPlugin:65 - create IPUIPlugin
2022-10-28 18:11:45,396 [INFO] PluginManager:200 - loadIPPluginJar : add resmgrutility
2022-10-28 18:11:45,465 [INFO] IPUIPlugin:65 - create IPUIPlugin
2022-10-28 18:11:45,465 [INFO] PluginManager:200 - loadIPPluginJar : add sai
2022-10-28 18:11:45,512 [INFO] IPUIPlugin:65 - create IPUIPlugin
2022-10-28 18:11:45,512 [INFO] PluginManager:200 - loadIPPluginJar : add spi
2022-10-28 18:11:45,581 [INFO] IPUIPlugin:65 - create IPUIPlugin
2022-10-28 18:11:45,581 [INFO] PluginManager:200 - loadIPPluginJar : add stm32_wpan
2022-10-28 18:11:45,612 [INFO] IPUIPlugin:65 - create IPUIPlugin
2022-10-28 18:11:45,612 [INFO] PluginManager:200 - loadIPPluginJar : add tim
2022-10-28 18:11:45,712 [INFO] IPUIPlugin:65 - create IPUIPlugin
2022-10-28 18:11:45,712 [INFO] PluginManager:200 - loadIPPluginJar : add touchsensing
2022-10-28 18:11:45,750 [INFO] IPUIPlugin:65 - create IPUIPlugin
2022-10-28 18:11:45,750 [INFO] PluginManager:200 - loadIPPluginJar : add tracer_emb
2022-10-28 18:11:45,782 [INFO] IPUIPlugin:65 - create IPUIPlugin
2022-10-28 18:11:45,782 [INFO] PluginManager:200 - loadIPPluginJar : add ts
2022-10-28 18:11:45,813 [INFO] IPUIPlugin:65 - create IPUIPlugin
2022-10-28 18:11:45,813 [INFO] PluginManager:200 - loadIPPluginJar : add tsc
2022-10-28 18:11:45,851 [INFO] IPUIPlugin:65 - create IPUIPlugin
2022-10-28 18:11:45,851 [INFO] PluginManager:200 - loadIPPluginJar : add ucpd
2022-10-28 18:11:45,897 [INFO] IPUIPlugin:65 - create IPUIPlugin
2022-10-28 18:11:45,897 [INFO] PluginManager:200 - loadIPPluginJar : add usart
2022-10-28 18:11:46,768 [INFO] BoardConnectionPanel:3472 - [DDR PANEL] STM32CubeIDE environment
2022-10-28 18:11:46,768 [INFO] MainDdrPanel:103 - [DDR PANEL] GETTER - cubeProgrammerPath is: null
2022-10-28 18:11:47,148 [FATAL] Updater:277 - Updater called before beeing initialized
2022-10-28 18:11:47,525 [FATAL] Updater:277 - Updater called before beeing initialized
2022-10-28 18:11:47,541 [INFO] PinOutPanel:1420 - setPackage(No Configuration,No Configuration)
2022-10-28 18:11:47,541 [FATAL] Updater:277 - Updater called before beeing initialized
2022-10-28 18:11:47,556 [INFO] BoardConnectionPanel:3472 - [DDR PANEL] STM32CubeIDE environment
2022-10-28 18:11:47,556 [INFO] MainDdrPanel:103 - [DDR PANEL] GETTER - cubeProgrammerPath is: C:\ST\STM32CubeIDE_1.3.0\STM32CubeIDE\plugins\com.st.stm32cube.ide.mcu.externaltools.cubeprogrammer.win32_1.3.0.202002181050\tools\bin
2022-10-28 18:11:47,572 [INFO] ProgrammerExecThread:148 - [ProgrammerAPI] CubeProgrammer command construction: C:\ST\STM32CubeIDE_1.3.0\STM32CubeIDE\plugins\com.st.stm32cube.ide.mcu.externaltools.cubeprogrammer.win32_1.3.0.202002181050\tools\bin\STM32_Programmer_CLI.exe -l
2022-10-28 18:11:48,385 [FATAL] Updater:277 - Updater called before beeing initialized
2022-10-28 18:11:48,385 [ERROR] IntegrityCheckThread:252 - Cannot obtain thirdParties list 21
2022-10-28 18:11:48,385 [ERROR] IntegrityCheckThread:100 - Unexpected exception IntegrityCheckThread Thread: Updater error
2022-10-28 18:11:48,385 [INFO] ThirdPartyDb:261 - Close Third Party DataBase File (C:/Users/Lazar/.stm32cubemx/plugins/thirdparty/db/thirdparties_db.xml)
2022-10-28 18:11:48,405 [INFO] MainDdrPanel:93 - [DDR PANEL] SETTER - Set cubeProgrammerPath to: C:\ST\STM32CubeIDE_1.3.0\STM32CubeIDE\plugins\com.st.stm32cube.ide.mcu.externaltools.cubeprogrammer.win32_1.3.0.202002181050\tools\bin
2022-10-28 18:11:48,477 [INFO] Updater:886 - Updater Version found : 5.6.0
2022-10-28 18:11:48,511 [INFO] ApplicationProperties:181 - Using Application install path: C:\ST\STM32CubeIDE_1.3.0\STM32CubeIDE\plugins\com.st.stm32cube.common.mx_5.6.0.202002181639
2022-10-28 18:11:48,774 [INFO] MainUpdater:2230 - connection check result : 10
2022-10-28 18:11:48,774 [INFO] MainUpdater:236 - Updater Check For Update Now.
2022-10-28 18:11:48,774 [INFO] MicroXplorer:420 - Change Database Version : DB.5.0.60
2022-10-28 18:11:49,009 [INFO] CheckServerUpdateThread:92 - End of CheckServer Thread
2022-10-28 18:11:49,028 [INFO] MainUpdater:2230 - connection check result : 10
2022-10-28 18:11:49,028 [INFO] LogOutputStream:76 - [STDOUT_REDIRECT] Successfull proxy connection.
2022-10-28 18:11:49,535 [INFO] McuFinderGlobals:40 - Set McuFinder mode to 2 (CubeIDE integrated)
2022-10-28 18:11:49,583 [INFO] FinderPluginLoader:86 - Searching for filters in installed packs
2022-10-28 18:11:49,585 [INFO] DbMcusXml:110 - Load MCU database from C:\ST\STM32CubeIDE_1.3.0\STM32CubeIDE\plugins\com.st.stm32cube.common.mx_5.6.0.202002181639\\db\/mcu/families.xml
2022-10-28 18:11:51,568 [INFO] DbMcusJson:90 - JSON generation date=Tue Nov 16 17:17:54 CET 2021 (1637079474)
2022-10-28 18:11:53,559 [INFO] DbMcus:171 - Found 1670 MCUs (1625 are supported by CubeMX, 1625 are visible in CubeMX)
2022-10-28 18:11:53,559 [INFO] ApiDb:158 - Load user favorites file C:\Users\Lazar/.stm32cubeide/favorites.mcus.txt: 0 item(s)
2022-10-28 18:11:53,559 [INFO] ApiDb:163 - User favorites MCUs=[]
2022-10-28 18:11:53,559 [INFO] DbMcus:183 - Set 0 / 0 favorites MCUs
2022-10-28 18:11:55,458 [INFO] LoadUrlFilesThread:161 - End of LoadServerUrlFiles without Thread
2022-10-28 18:11:55,490 [INFO] McuDetailPanel:181 - Set advertising image to C:/Users/Lazar/STM32Cube/Repository/\en.Prom_NBSTM32U50921.jpg
2022-10-28 18:11:56,680 [INFO] McuFilterPanel:249 - Update 0 favorites MCUs
2022-10-28 18:11:57,214 [INFO] DbBoardsPdsc:92 - Found 22 items
2022-10-28 18:11:57,235 [INFO] DbBoardsPdsc:92 - Found 9 items
2022-10-28 18:11:57,263 [INFO] DbBoardsPdsc:92 - Found 28 items
2022-10-28 18:11:57,275 [INFO] DbBoardsPdsc:92 - Found 1 items
2022-10-28 18:11:57,305 [INFO] DbBoardsPdsc:92 - Found 40 items
2022-10-28 18:11:57,345 [INFO] DbBoardsPdsc:92 - Found 39 items
2022-10-28 18:11:57,366 [INFO] DbBoardsPdsc:92 - Found 2 items
2022-10-28 18:11:57,384 [INFO] DbBoardsPdsc:92 - Found 4 items
2022-10-28 18:11:57,396 [WARN] DbBoardsPdsc:256 - Board STM32H7B3I-DK: unknown feature type=Audio, name=, username=Audio stereo codec with Headphone Amp (CS42L51-CNZ), n=1
2022-10-28 18:11:57,396 [WARN] DbBoardsPdsc:256 - Board STM32H7B3I-DK: unknown feature type=WIFI, name=, username=WIFI 802.11 b/g/n, n=1
2022-10-28 18:11:57,396 [WARN] DbBoardsPdsc:256 - Board STM32H7B3I-EVAL: unknown feature type=Audio, name=, username=Multi-Channel Audio Codec (CS42L51-CNZ), n=1
2022-10-28 18:11:57,396 [WARN] DbBoardsPdsc:256 - Board STM32H7B3I-EVAL: unknown feature type=Meter, name=, username=Power-metering and Temperature-monitoring with sigma-delta modulators, n=1
2022-10-28 18:11:57,396 [WARN] DbBoardsPdsc:256 - Board STM32H7B3I-EVAL: unknown feature type=WIFI, name=, username=WIFI 802.11 a/b/g/n, n=1
2022-10-28 18:11:57,396 [WARN] DbBoardsPdsc:256 - Board STM32H7B3I-EVAL: unknown feature type=Motor, name=, username=Motor Control, n=1
2022-10-28 18:11:57,466 [INFO] DbBoardsJson:80 - JSON generation date=Tue Nov 16 17:17:54 CET 2021 (1637079474)
2022-10-28 18:11:57,477 [INFO] DbBoards:120 - Found 166 boards (142 are supported by CubeMX)
2022-10-28 18:11:57,487 [INFO] DbBoardsDocs:131 - JSON generation date=Tue Nov 16 17:17:54 CET 2021 (1637079474)
2022-10-28 18:11:57,497 [INFO] DbBoardsDocs:70 - Found 209 boards documents
2022-10-28 18:11:57,497 [WARN] DbBoards:130 - board NUCLEO-H743ZI has no document id list !
2022-10-28 18:11:57,497 [WARN] DbBoards:130 - board P-NUCLEO-WB55-Nucleo has no document id list !
2022-10-28 18:11:57,497 [WARN] DbBoards:130 - board P-NUCLEO-WB55-USBDongle has no document id list !
2022-10-28 18:11:57,505 [WARN] DbBoards:130 - board NUCLEO-WB35CE has no document id list !
2022-10-28 18:11:57,505 [WARN] DbBoards:130 - board STM32F401C-DISCO has no document id list !
2022-10-28 18:11:57,507 [WARN] DbBoards:130 - board STM32F769I-DISC1 has no document id list !
2022-10-28 18:11:57,507 [WARN] DbBoards:130 - board STM32L-DISCOVERY has no document id list !
2022-10-28 18:11:57,507 [WARN] DbBoards:130 - board STM32H747I-DISC1 has no document id list !
2022-10-28 18:11:57,507 [WARN] DbBoards:130 - board STM32439I-EVAL2 has no document id list !
2022-10-28 18:11:57,507 [WARN] DbBoards:130 - board STM32H743I-EVAL2 has no document id list !
2022-10-28 18:11:57,507 [WARN] DbBoards:130 - board STM32H753I-EVAL2 has no document id list !
2022-10-28 18:11:57,507 [WARN] DbBoards:130 - board STM32G474E-EVAL1 has no document id list !
2022-10-28 18:11:57,507 [WARN] DbBoards:130 - board STEVAL-BFA001V1B has no document id list !
2022-10-28 18:11:57,507 [WARN] DbBoards:130 - board STEVAL-BFA001V2B has no document id list !
2022-10-28 18:11:57,515 [WARN] DbBoards:130 - board STEVAL-MKSBOX1V1 has no document id list !
2022-10-28 18:11:57,515 [WARN] DbBoards:130 - board STEVAL-STWINKT1 has no document id list !
2022-10-28 18:11:57,515 [WARN] DbBoards:130 - board STEVAL-IDP005V1 has no document id list !
2022-10-28 18:11:57,515 [WARN] DbBoards:130 - board STEVAL-IDP005V2 has no document id list !
2022-10-28 18:11:57,517 [WARN] DbBoards:130 - board STEVAL-STWINKT1B has no document id list !
2022-10-28 18:11:57,769 [ERROR] DbBoards:192 - Image file not found for board NUCLEO-F413ZH: C:\ST\STM32CubeIDE_1.3.0\STM32CubeIDE\plugins\com.st.stm32cube.common.mx_5.6.0.202002181639\\db\/plugins/mcufinder/images/boards/nucleo-f413zh_small.jpg
2022-10-28 18:11:57,950 [ERROR] DbBoards:192 - Image file not found for board NUCLEO-L552ZE-Q: C:\ST\STM32CubeIDE_1.3.0\STM32CubeIDE\plugins\com.st.stm32cube.common.mx_5.6.0.202002181639\\db\/plugins/mcufinder/images/boards/nucleo_l552ze_q_small.jpg
2022-10-28 18:12:00,912 [ERROR] DbBoards:192 - Image file not found for board STM32H7B3I-EVAL: C:\ST\STM32CubeIDE_1.3.0\STM32CubeIDE\plugins\com.st.stm32cube.common.mx_5.6.0.202002181639\\db\/plugins/mcufinder/images/boards/stm32h7b3ieval_small.jpg
2022-10-28 18:12:01,647 [ERROR] DbBoards:192 - Image file not found for board B-L462E-CELL1: C:\ST\STM32CubeIDE_1.3.0\STM32CubeIDE\plugins\com.st.stm32cube.common.mx_5.6.0.202002181639\\db\/plugins/mcufinder/images/boards/B-L462E-CELL1_small.jpg
2022-10-28 18:12:01,649 [ERROR] DbBoards:192 - Image file not found for board NUCLEO-WL55JC: C:\ST\STM32CubeIDE_1.3.0\STM32CubeIDE\plugins\com.st.stm32cube.common.mx_5.6.0.202002181639\\db\/plugins/mcufinder/images/boards/nucleo-wl55jc-small.jpg
2022-10-28 18:12:01,649 [ERROR] DbBoards:192 - Image file not found for board STM32H735G-DK: C:\ST\STM32CubeIDE_1.3.0\STM32CubeIDE\plugins\com.st.stm32cube.common.mx_5.6.0.202002181639\\db\/plugins/mcufinder/images/boards/STM32H735G_DK_small.jpg
2022-10-28 18:12:01,688 [ERROR] DbBoards:192 - Image file not found for board B-L4S5I-IOT01A: C:\ST\STM32CubeIDE_1.3.0\STM32CubeIDE\plugins\com.st.stm32cube.common.mx_5.6.0.202002181639\\db\/plugins/mcufinder/images/boards/B-L4S5I-IOT01A_small.jpg
2022-10-28 18:12:01,698 [ERROR] DbBoards:192 - Image file not found for board NUCLEO-WB55RG: C:\ST\STM32CubeIDE_1.3.0\STM32CubeIDE\plugins\com.st.stm32cube.common.mx_5.6.0.202002181639\\db\/plugins/mcufinder/images/boards/nucleo-wb55rg_small.jpg
2022-10-28 18:12:01,708 [ERROR] DbBoards:192 - Image file not found for board STM32G0C1E-EV: C:\ST\STM32CubeIDE_1.3.0\STM32CubeIDE\plugins\com.st.stm32cube.common.mx_5.6.0.202002181639\\db\/plugins/mcufinder/images/boards/stm32g0c1e-eval_small.jpg
2022-10-28 18:12:01,708 [ERROR] DbBoards:192 - Image file not found for board NUCLEO-WB15CC: C:\ST\STM32CubeIDE_1.3.0\STM32CubeIDE\plugins\com.st.stm32cube.common.mx_5.6.0.202002181639\\db\/plugins/mcufinder/images/boards/nucleo-wb15cc_small.jpg
2022-10-28 18:12:01,708 [ERROR] DbBoards:192 - Image file not found for board STM32WB5MM-DK: C:\ST\STM32CubeIDE_1.3.0\STM32CubeIDE\plugins\com.st.stm32cube.common.mx_5.6.0.202002181639\\db\/plugins/mcufinder/images/boards/STM32WB5MM-DK_small.jpg
2022-10-28 18:12:01,710 [ERROR] DbBoards:192 - Image file not found for board B-U585I-IOT02A: C:\ST\STM32CubeIDE_1.3.0\STM32CubeIDE\plugins\com.st.stm32cube.common.mx_5.6.0.202002181639\\db\/plugins/mcufinder/images/boards/B-U585I-IOT02A_small.jpg
2022-10-28 18:12:01,710 [ERROR] DbBoards:192 - Image file not found for board NUCLEO-U575ZI-Q: C:\ST\STM32CubeIDE_1.3.0\STM32CubeIDE\plugins\com.st.stm32cube.common.mx_5.6.0.202002181639\\db\/plugins/mcufinder/images/boards/nucleo-u575zi-q_small.jpg
2022-10-28 18:12:01,710 [ERROR] DbBoards:192 - Image file not found for board STM32U575I-EV: C:\ST\STM32CubeIDE_1.3.0\STM32CubeIDE\plugins\com.st.stm32cube.common.mx_5.6.0.202002181639\\db\/plugins/mcufinder/images/boards/stm32u575i-ev_small.jpg
2022-10-28 18:12:01,710 [ERROR] DbBoards:192 - Image file not found for board STEVAL-STWINKT1B: C:\ST\STM32CubeIDE_1.3.0\STM32CubeIDE\plugins\com.st.stm32cube.common.mx_5.6.0.202002181639\\db\/plugins/mcufinder/images/boards/steval-stwinkt1b_small.jpg
2022-10-28 18:12:01,710 [INFO] ApiDb:158 - Load user favorites file C:\Users\Lazar/.stm32cubeide/favorites.boards.txt: 0 item(s)
2022-10-28 18:12:01,710 [INFO] ApiDb:163 - User favorites Boards=[]
2022-10-28 18:12:01,710 [INFO] DbBoards:209 - Set 0 / 0 favorites Boards
2022-10-28 18:12:01,871 [INFO] LoadUrlFilesThread:161 - End of LoadServerUrlFiles without Thread
2022-10-28 18:12:01,871 [INFO] BoardDetailPanel:180 - Set advertising image to C:/Users/Lazar/STM32Cube/Repository/\en.Prom_NBSTM32U50921.jpg
2022-10-28 18:12:01,950 [INFO] BoardFilterPanel:211 - Update 0 favorites Boards
2022-10-28 18:12:02,194 [INFO] CrossSelectorPresenter:1319 - Cross Selector saved comparison directory: C:\Users\Lazar\.stmcufinder\plugins\mcufinder\mcu\cs_comparisons_mx
2022-10-28 18:12:21,442 [INFO] DbMcusDocs:142 - JSON generation date=Tue Nov 16 17:17:54 CET 2021 (1637079474)
2022-10-28 18:12:21,821 [INFO] DbMcusDocs:77 - Found 682 MCUs documents
2022-10-28 18:12:55,059 [INFO] LogOutputStream:76 - [STDOUT_REDIRECT] withoutVersionV1.8.4
2022-10-28 18:12:55,059 [INFO] LogOutputStream:76 - [STDOUT_REDIRECT] withoutVersionV1.8.3
2022-10-28 18:12:55,059 [INFO] LogOutputStream:76 - [STDOUT_REDIRECT] withoutVersionV1.8.2
2022-10-28 18:12:55,059 [INFO] LogOutputStream:76 - [STDOUT_REDIRECT] withoutVersionV1.8.1
2022-10-28 18:12:55,059 [INFO] LogOutputStream:76 - [STDOUT_REDIRECT] withoutVersionV1.8.0
2022-10-28 18:12:55,573 [INFO] LogOutputStream:76 - [STDOUT_REDIRECT] File copied successfully!!
2022-10-28 18:12:58,422 [INFO] MainUpdater:2230 - connection check result : 10
2022-10-28 18:12:58,507 [INFO] MicroXplorer:390 - Change Database Path : 
2022-10-28 18:12:58,507 [INFO] MicroXplorer:420 - Change Database Version : DB.5.0.60
2022-10-28 18:12:58,522 [INFO] PinOutPanel:1420 - setPackage(No Configuration,No Configuration)
2022-10-28 18:12:58,522 [INFO] UtilMem:74 - Begin LoadConfig() Used Memory: 585200664 Bytes (956301312)
2022-10-28 18:12:58,522 [INFO] MicroXplorer:390 - Change Database Path : 
2022-10-28 18:12:58,522 [INFO] MicroXplorer:420 - Change Database Version : DB.5.0.60
2022-10-28 18:12:58,522 [INFO] OpenFileManager:274 - Change cursor
2022-10-28 18:13:01,186 [INFO] ImportTextPane:162 - (OptionalMessage_ERROR) Unable to find key (Mcu.ThirdPartyNb) in loaded IOC file
2022-10-28 18:13:01,186 [INFO] ImportTextPane:162 - (OptionalMessage_ERROR) Unable to find key (Mcu.PinsNb) in loaded IOC file
2022-10-28 18:13:01,186 [INFO] ImportTextPane:162 - (OptionalMessage_ERROR) Unable to find key (Mcu.IPNb) in loaded IOC file
2022-10-28 18:13:01,433 [INFO] UtilMem:74 - End LoadConfig() Used Memory: 658468040 Bytes (956301312)
2022-10-28 18:13:01,448 [INFO] ThirdPartyDb:295 - Open Third Party DataBase File (C:/Users/Lazar/.stm32cubemx/plugins/thirdparty/db/thirdparties_db.xml) : 0 ms. number of Sw pack : 1
2022-10-28 18:13:01,479 [INFO] ThirdParty:899 - CMSIS Pack Vendor :STMicroelectronics FreeRTOS 0.0.1
2022-10-28 18:13:01,770 [INFO] PinOutPanel:1420 - setPackage(No Configuration,No Configuration)
2022-10-28 18:13:01,778 [INFO] PinOutPanel:1420 - setPackage(STM32F103C6Ux,UFQFPN48)
2022-10-28 18:13:02,746 [INFO] UtilMem:74 - Before build in PCC Used Memory: 495185976 Bytes (956301312)
2022-10-28 18:13:03,722 [INFO] SharedServices:71 - Folder for power plug-in: C:/Users/Lazar/.stm32cubemx/plugins/power
2022-10-28 18:13:03,845 [INFO] SharedServices:71 - Folder for power plug-in: C:/Users/Lazar/.stm32cubemx/plugins/power
2022-10-28 18:13:03,946 [INFO] SharedServices:71 - Folder for power plug-in: C:/Users/Lazar/.stm32cubemx/plugins/power
2022-10-28 18:13:03,964 [INFO] SharedServices:71 - Folder for power plug-in: C:/Users/Lazar/.stm32cubemx/plugins/power
2022-10-28 18:13:04,389 [INFO] UtilMem:74 - After build in PCC Used Memory: 550760504 Bytes (956301312)
2022-10-28 18:13:04,419 [INFO] IPUIPlugin:65 - create IPUIPlugin
2022-10-28 18:13:04,419 [INFO] IPUIPlugin:65 - create IPUIPlugin
2022-10-28 18:13:04,419 [INFO] IPUIPlugin:65 - create IPUIPlugin
2022-10-28 18:13:04,419 [INFO] IPUIPlugin:65 - create IPUIPlugin
2022-10-28 18:13:04,419 [INFO] IPUIPlugin:65 - create IPUIPlugin
2022-10-28 18:13:04,419 [INFO] IPUIPlugin:65 - create IPUIPlugin
2022-10-28 18:13:04,419 [INFO] IPUIPlugin:65 - create IPUIPlugin
2022-10-28 18:13:04,419 [INFO] IPUIPlugin:65 - create IPUIPlugin
2022-10-28 18:13:04,419 [INFO] IPUIPlugin:65 - create IPUIPlugin
2022-10-28 18:13:04,419 [INFO] IPUIPlugin:65 - create IPUIPlugin
2022-10-28 18:13:04,419 [INFO] IPUIPlugin:65 - create IPUIPlugin
2022-10-28 18:13:04,419 [INFO] IPUIPlugin:65 - create IPUIPlugin
2022-10-28 18:13:04,428 [INFO] IPUIPlugin:65 - create IPUIPlugin
2022-10-28 18:13:04,428 [INFO] IPUIPlugin:65 - create IPUIPlugin
2022-10-28 18:13:04,430 [INFO] IPUIPlugin:65 - create IPUIPlugin
2022-10-28 18:13:04,430 [INFO] IPUIPlugin:65 - create IPUIPlugin
2022-10-28 18:13:04,430 [INFO] IPUIPlugin:65 - create IPUIPlugin
2022-10-28 18:13:04,430 [INFO] IPUIPlugin:65 - create IPUIPlugin
2022-10-28 18:13:04,430 [INFO] IPUIPlugin:65 - create IPUIPlugin
2022-10-28 18:13:04,430 [INFO] IPUIPlugin:65 - create IPUIPlugin
2022-10-28 18:13:04,430 [INFO] IPUIPlugin:65 - create IPUIPlugin
2022-10-28 18:13:04,430 [INFO] IPUIPlugin:65 - create IPUIPlugin
2022-10-28 18:13:04,430 [INFO] IPUIPlugin:65 - create IPUIPlugin
2022-10-28 18:13:04,483 [INFO] LogOutputStream:76 - [STDOUT_REDIRECT] toolchainItems.length=====1
2022-10-28 18:13:04,646 [INFO] OpenFileManager:294 - Restore cursor
2022-10-28 18:13:05,161 [INFO] UtilMem:74 - End SaveConfig() Used Memory: 541323320 Bytes (956301312)
2022-10-28 18:13:05,314 [INFO] UtilMem:74 - End SaveConfig() Used Memory: 545517624 Bytes (956301312)
2022-10-28 18:13:06,635 [INFO] BlockDiagram:2671 - set Specific Code input for plugin: NVIC
2022-10-28 18:13:06,635 [INFO] BlockDiagram:2671 - set Specific Code input for plugin: SYS
2022-10-28 18:13:06,665 [INFO] CodeGenerator:603 - code generatio: config db path: C:\ST\STM32CubeIDE_1.3.0\STM32CubeIDE\plugins\com.st.stm32cube.common.mx_5.6.0.202002181639\\db\
2022-10-28 18:13:07,934 [INFO] CodeEngine:188 - oldGeneratedFile, C:\Users\Lazar\Desktop\Led moving projekat\Lazar Popovic 84-2017-Led moving projekat\MXTmpFiles\license.tmp_save
2022-10-28 18:13:09,124 [INFO] CodeEngine:206 - Generated code: C:\Users\Lazar\Desktop\Led moving projekat\Lazar Popovic 84-2017-Led moving projekat\MXTmpFiles\license.tmp
2022-10-28 18:13:09,568 [INFO] LogOutputStream:76 - [STDOUT_REDIRECT] Debug : prepare data for NVIC
2022-10-28 18:13:09,568 [INFO] LogOutputStream:76 - [STDOUT_REDIRECT] Command line test
2022-10-28 18:13:09,699 [INFO] CodeEngine:188 - oldGeneratedFile, C:\Users\Lazar\Desktop\Led moving projekat\Lazar Popovic 84-2017-Led moving projekat\Core\Src\stm32f1xx_it.c_save
2022-10-28 18:13:10,537 [INFO] CodeEngine:206 - Generated code: C:\Users\Lazar\Desktop\Led moving projekat\Lazar Popovic 84-2017-Led moving projekat\Core\Src\stm32f1xx_it.c
2022-10-28 18:13:10,577 [INFO] CodeEngine:188 - oldGeneratedFile, C:\Users\Lazar\Desktop\Led moving projekat\Lazar Popovic 84-2017-Led moving projekat\Core\Inc\stm32f1xx_it.h_save
2022-10-28 18:13:11,284 [INFO] CodeEngine:206 - Generated code: C:\Users\Lazar\Desktop\Led moving projekat\Lazar Popovic 84-2017-Led moving projekat\Core\Inc\stm32f1xx_it.h
2022-10-28 18:13:11,355 [INFO] CodeEngine:188 - oldGeneratedFile, C:\Users\Lazar\Desktop\Led moving projekat\Lazar Popovic 84-2017-Led moving projekat\Core\Src\stm32f1xx_hal_msp.c_save
2022-10-28 18:13:11,837 [INFO] CodeEngine:206 - Generated code: C:\Users\Lazar\Desktop\Led moving projekat\Lazar Popovic 84-2017-Led moving projekat\Core\Src\stm32f1xx_hal_msp.c
2022-10-28 18:13:11,869 [INFO] CodeEngine:188 - oldGeneratedFile, C:\Users\Lazar\Desktop\Led moving projekat\Lazar Popovic 84-2017-Led moving projekat\MXTmpFiles\system.tmp_save
2022-10-28 18:13:12,595 [INFO] CodeEngine:206 - Generated code: C:\Users\Lazar\Desktop\Led moving projekat\Lazar Popovic 84-2017-Led moving projekat\MXTmpFiles\system.tmp
2022-10-28 18:13:12,747 [INFO] CodeEngine:188 - oldGeneratedFile, C:\Users\Lazar\Desktop\Led moving projekat\Lazar Popovic 84-2017-Led moving projekat\Core\Inc\stm32f1xx_hal_conf.h_save
2022-10-28 18:13:13,452 [INFO] CodeEngine:206 - Generated code: C:\Users\Lazar\Desktop\Led moving projekat\Lazar Popovic 84-2017-Led moving projekat\Core\Inc\stm32f1xx_hal_conf.h
2022-10-28 18:13:13,616 [INFO] CodeEngine:188 - oldGeneratedFile, C:\Users\Lazar\Desktop\Led moving projekat\Lazar Popovic 84-2017-Led moving projekat\Core\Inc\main.h_save
2022-10-28 18:13:14,444 [INFO] CodeEngine:206 - Generated code: C:\Users\Lazar\Desktop\Led moving projekat\Lazar Popovic 84-2017-Led moving projekat\Core\Inc\main.h
2022-10-28 18:13:14,502 [INFO] CodeEngine:188 - oldGeneratedFile, C:\Users\Lazar\Desktop\Led moving projekat\Lazar Popovic 84-2017-Led moving projekat\Core\Src\main.c_save
2022-10-28 18:13:15,222 [INFO] CodeEngine:206 - Generated code: C:\Users\Lazar\Desktop\Led moving projekat\Lazar Popovic 84-2017-Led moving projekat\Core\Src\main.c
2022-10-28 18:13:18,242 [INFO] ProjectBuilder:2002 - Time for Copy HAL[1] : 509mS.
2022-10-28 18:13:18,258 [INFO] ProjectBuilder:2727 - Project Generator version: 3.7.1
2022-10-28 18:13:19,391 [INFO] ConfigFileManager:1066 - The Die is : DIE412
2022-10-28 18:13:34,850 [INFO] ProjectBuilder:2894 - Time for Generating toolchain IDE Files: 16592mS.
2022-10-28 18:13:34,850 [INFO] ProjectBuilder:1878 - Time for Copy CMSIS : 0mS.
2022-10-28 18:13:34,860 [INFO] ProjectBuilder:1878 - Time for Copy CMSIS : 0mS.
2022-10-28 18:15:22,311 [INFO] UtilMem:74 - End SaveConfig() Used Memory: 589845992 Bytes (999292928)
2022-10-28 18:15:24,051 [INFO] UtilMem:74 - End SaveConfig() Used Memory: 600480256 Bytes (999292928)
2022-10-28 18:15:24,488 [INFO] UtilMem:74 - End SaveConfig() Used Memory: 615895328 Bytes (999292928)
2022-10-28 18:15:24,964 [INFO] BlockDiagram:2671 - set Specific Code input for plugin: NVIC
2022-10-28 18:15:24,964 [INFO] BlockDiagram:2671 - set Specific Code input for plugin: SYS
2022-10-28 18:15:24,964 [INFO] BlockDiagram:2671 - set Specific Code input for plugin: GPIO
2022-10-28 18:15:24,964 [INFO] CodeGenerator:603 - code generatio: config db path: C:\ST\STM32CubeIDE_1.3.0\STM32CubeIDE\plugins\com.st.stm32cube.common.mx_5.6.0.202002181639\\db\
2022-10-28 18:15:25,281 [INFO] CodeEngine:188 - oldGeneratedFile, C:\Users\Lazar\Desktop\Led moving projekat\Lazar Popovic 84-2017-Led moving projekat\MXTmpFiles\license.tmp_save
2022-10-28 18:15:25,410 [INFO] CodeEngine:206 - Generated code: C:\Users\Lazar\Desktop\Led moving projekat\Lazar Popovic 84-2017-Led moving projekat\MXTmpFiles\license.tmp
2022-10-28 18:15:25,526 [INFO] CodeEngine:188 - oldGeneratedFile, C:\Users\Lazar\Desktop\Led moving projekat\Lazar Popovic 84-2017-Led moving projekat\MXTmpFiles\gpio.tmp_save
2022-10-28 18:15:25,728 [INFO] CodeEngine:206 - Generated code: C:\Users\Lazar\Desktop\Led moving projekat\Lazar Popovic 84-2017-Led moving projekat\MXTmpFiles\gpio.tmp
2022-10-28 18:15:25,786 [INFO] LogOutputStream:76 - [STDOUT_REDIRECT] Debug : prepare data for NVIC
2022-10-28 18:15:25,788 [INFO] LogOutputStream:76 - [STDOUT_REDIRECT] Command line test
2022-10-28 18:15:25,811 [INFO] CodeEngine:188 - oldGeneratedFile, C:\Users\Lazar\Desktop\Led moving projekat\Lazar Popovic 84-2017-Led moving projekat\Core\Src\stm32f1xx_it.c_save
2022-10-28 18:15:26,102 [INFO] CodeEngine:206 - Generated code: C:\Users\Lazar\Desktop\Led moving projekat\Lazar Popovic 84-2017-Led moving projekat\Core\Src\stm32f1xx_it.c
2022-10-28 18:15:26,116 [INFO] CodeEngine:188 - oldGeneratedFile, C:\Users\Lazar\Desktop\Led moving projekat\Lazar Popovic 84-2017-Led moving projekat\Core\Inc\stm32f1xx_it.h_save
2022-10-28 18:15:26,311 [INFO] CodeEngine:206 - Generated code: C:\Users\Lazar\Desktop\Led moving projekat\Lazar Popovic 84-2017-Led moving projekat\Core\Inc\stm32f1xx_it.h
2022-10-28 18:15:26,343 [INFO] CodeEngine:188 - oldGeneratedFile, C:\Users\Lazar\Desktop\Led moving projekat\Lazar Popovic 84-2017-Led moving projekat\Core\Src\stm32f1xx_hal_msp.c_save
2022-10-28 18:15:26,555 [INFO] CodeEngine:206 - Generated code: C:\Users\Lazar\Desktop\Led moving projekat\Lazar Popovic 84-2017-Led moving projekat\Core\Src\stm32f1xx_hal_msp.c
2022-10-28 18:15:26,563 [INFO] CodeEngine:188 - oldGeneratedFile, C:\Users\Lazar\Desktop\Led moving projekat\Lazar Popovic 84-2017-Led moving projekat\MXTmpFiles\system.tmp_save
2022-10-28 18:15:26,676 [INFO] CodeEngine:206 - Generated code: C:\Users\Lazar\Desktop\Led moving projekat\Lazar Popovic 84-2017-Led moving projekat\MXTmpFiles\system.tmp
2022-10-28 18:15:26,705 [INFO] CodeEngine:188 - oldGeneratedFile, C:\Users\Lazar\Desktop\Led moving projekat\Lazar Popovic 84-2017-Led moving projekat\Core\Inc\stm32f1xx_hal_conf.h_save
2022-10-28 18:15:26,892 [INFO] CodeEngine:206 - Generated code: C:\Users\Lazar\Desktop\Led moving projekat\Lazar Popovic 84-2017-Led moving projekat\Core\Inc\stm32f1xx_hal_conf.h
2022-10-28 18:15:26,908 [WARN] IPConfigManager:2701 - IP not found : gpio
2022-10-28 18:15:26,908 [WARN] CodeGenerator:2649 - IP not found : gpio
2022-10-28 18:15:26,946 [INFO] CodeEngine:188 - oldGeneratedFile, C:\Users\Lazar\Desktop\Led moving projekat\Lazar Popovic 84-2017-Led moving projekat\Core\Inc\main.h_save
2022-10-28 18:15:27,262 [INFO] CodeEngine:206 - Generated code: C:\Users\Lazar\Desktop\Led moving projekat\Lazar Popovic 84-2017-Led moving projekat\Core\Inc\main.h
2022-10-28 18:15:27,293 [INFO] CodeEngine:188 - oldGeneratedFile, C:\Users\Lazar\Desktop\Led moving projekat\Lazar Popovic 84-2017-Led moving projekat\Core\Src\main.c_save
2022-10-28 18:15:27,621 [INFO] CodeEngine:206 - Generated code: C:\Users\Lazar\Desktop\Led moving projekat\Lazar Popovic 84-2017-Led moving projekat\Core\Src\main.c
2022-10-28 18:15:29,598 [INFO] ProjectBuilder:2002 - Time for Copy HAL[1] : 403mS.
2022-10-28 18:15:29,598 [INFO] ProjectBuilder:2727 - Project Generator version: 3.7.1
2022-10-28 18:15:30,364 [INFO] ConfigFileManager:1066 - The Die is : DIE412
2022-10-28 18:15:35,314 [INFO] ProjectBuilder:2894 - Time for Generating toolchain IDE Files: 5716mS.
2022-10-28 18:15:35,314 [INFO] ProjectBuilder:1878 - Time for Copy CMSIS : 0mS.
2022-10-28 18:15:35,334 [INFO] ProjectBuilder:1878 - Time for Copy CMSIS : 0mS.
